  cmdutils.c
e:\projects\ffmpeg-sdl\fflocalplayer\fflocalplayersdk\fflocalplayersdk\include\libavutil\rational.h : warning C4819: 该文件包含不能在当前代码页(936)中表示的字符。请将该文件保存为 Unicode 格式以防止数据丢失
e:\projects\ffmpeg-sdl\fflocalplayer\fflocalplayersdk\fflocalplayersdk\cmdutils.c(125): warning C4133: “函数”: 从“char [1]”到“LPCWSTR”的类型不兼容
e:\projects\ffmpeg-sdl\fflocalplayer\fflocalplayersdk\fflocalplayersdk\cmdutils.c(210): warning C4090: “函数”: 不同的“const”限定符
e:\projects\ffmpeg-sdl\fflocalplayer\fflocalplayersdk\fflocalplayersdk\cmdutils.c(332): warning C4244: “=”: 从“double”转换到“int”，可能丢失数据
e:\projects\ffmpeg-sdl\fflocalplayer\fflocalplayersdk\fflocalplayersdk\cmdutils.c(334): warning C4305: “函数”: 从“__int64”到“double”截断
e:\projects\ffmpeg-sdl\fflocalplayer\fflocalplayersdk\fflocalplayersdk\cmdutils.c(334): warning C4244: “=”: 从“double”转换到“int64_t”，可能丢失数据
e:\projects\ffmpeg-sdl\fflocalplayer\fflocalplayersdk\fflocalplayersdk\cmdutils.c(338): warning C4244: “=”: 从“double”转换到“float”，可能丢失数据
e:\projects\ffmpeg-sdl\fflocalplayer\fflocalplayersdk\fflocalplayersdk\cmdutils.c(529): warning C4996: 'getenv': This function or variable may be unsafe. Consider using _dupenv_s instead. To disable deprecation, use _CRT_SECURE_NO_WARNINGS. See online help for details.
  c:\program files (x86)\windows kits\10\include\10.0.19041.0\ucrt\stdlib.h(1184): note: 参见“getenv”的声明
e:\projects\ffmpeg-sdl\fflocalplayer\fflocalplayersdk\fflocalplayersdk\cmdutils.c(580): warning C4090: “函数”: 不同的“const”限定符
e:\projects\ffmpeg-sdl\fflocalplayer\fflocalplayersdk\fflocalplayersdk\cmdutils.c(583): warning C4090: “函数”: 不同的“const”限定符
e:\projects\ffmpeg-sdl\fflocalplayer\fflocalplayersdk\fflocalplayersdk\cmdutils.c(587): warning C4090: “函数”: 不同的“const”限定符
e:\projects\ffmpeg-sdl\fflocalplayer\fflocalplayersdk\fflocalplayersdk\cmdutils.c(595): warning C4090: “函数”: 不同的“const”限定符
e:\projects\ffmpeg-sdl\fflocalplayer\fflocalplayersdk\fflocalplayersdk\cmdutils.c(622): warning C4090: “函数”: 不同的“const”限定符
e:\projects\ffmpeg-sdl\fflocalplayer\fflocalplayersdk\fflocalplayersdk\cmdutils.c(636): warning C4090: “函数”: 不同的“const”限定符
e:\projects\ffmpeg-sdl\fflocalplayer\fflocalplayersdk\fflocalplayersdk\cmdutils.c(564): warning C4996: 'avresample_get_class': 被声明为已否决
  e:\projects\ffmpeg-sdl\fflocalplayer\fflocalplayersdk\fflocalplayersdk\include\libavresample\avresample.h(183): note: 参见“avresample_get_class”的声明
e:\projects\ffmpeg-sdl\fflocalplayer\fflocalplayersdk\fflocalplayersdk\cmdutils.c(1001): warning C4996: 'localtime': This function or variable may be unsafe. Consider using localtime_s instead. To disable deprecation, use _CRT_SECURE_NO_WARNINGS. See online help for details.
  c:\program files (x86)\windows kits\10\include\10.0.19041.0\ucrt\time.h(495): note: 参见“localtime”的声明
e:\projects\ffmpeg-sdl\fflocalplayer\fflocalplayersdk\fflocalplayersdk\cmdutils.c(1041): warning C4996: 'fopen': This function or variable may be unsafe. Consider using fopen_s instead. To disable deprecation, use _CRT_SECURE_NO_WARNINGS. See online help for details.
  c:\program files (x86)\windows kits\10\include\10.0.19041.0\ucrt\stdio.h(213): note: 参见“fopen”的声明
e:\projects\ffmpeg-sdl\fflocalplayer\fflocalplayersdk\fflocalplayersdk\cmdutils.c(1045): warning C4996: 'strerror': This function or variable may be unsafe. Consider using strerror_s instead. To disable deprecation, use _CRT_SECURE_NO_WARNINGS. See online help for details.
  c:\program files (x86)\windows kits\10\include\10.0.19041.0\ucrt\string.h(178): note: 参见“strerror”的声明
e:\projects\ffmpeg-sdl\fflocalplayer\fflocalplayersdk\fflocalplayersdk\cmdutils.c(1098): warning C4996: 'strerror': This function or variable may be unsafe. Consider using strerror_s instead. To disable deprecation, use _CRT_SECURE_NO_WARNINGS. See online help for details.
  c:\program files (x86)\windows kits\10\include\10.0.19041.0\ucrt\string.h(178): note: 参见“strerror”的声明
e:\projects\ffmpeg-sdl\fflocalplayer\fflocalplayersdk\fflocalplayersdk\cmdutils.c(1145): warning C4996: 'avresample_version': 被声明为已否决
  e:\projects\ffmpeg-sdl\fflocalplayer\fflocalplayersdk\fflocalplayersdk\include\libavresample\avresample.h(148): note: 参见“avresample_version”的声明
e:\projects\ffmpeg-sdl\fflocalplayer\fflocalplayersdk\fflocalplayersdk\cmdutils.c(1174): warning C4996: 'strncpy': This function or variable may be unsafe. Consider using strncpy_s instead. To disable deprecation, use _CRT_SECURE_NO_WARNINGS. See online help for details.
  c:\program files (x86)\windows kits\10\include\10.0.19041.0\ucrt\string.h(334): note: 参见“strncpy”的声明
e:\projects\ffmpeg-sdl\fflocalplayer\fflocalplayersdk\fflocalplayersdk\cmdutils.c(1180): warning C4996: 'strncpy': This function or variable may be unsafe. Consider using strncpy_s instead. To disable deprecation, use _CRT_SECURE_NO_WARNINGS. See online help for details.
  c:\program files (x86)\windows kits\10\include\10.0.19041.0\ucrt\string.h(334): note: 参见“strncpy”的声明
e:\projects\ffmpeg-sdl\fflocalplayer\fflocalplayersdk\fflocalplayersdk\cmdutils.c(1183): warning C4996: 'strtok': This function or variable may be unsafe. Consider using strtok_s instead. To disable deprecation, use _CRT_SECURE_NO_WARNINGS. See online help for details.
  c:\program files (x86)\windows kits\10\include\10.0.19041.0\ucrt\string.h(436): note: 参见“strtok”的声明
e:\projects\ffmpeg-sdl\fflocalplayer\fflocalplayersdk\fflocalplayersdk\cmdutils.c(1187): warning C4996: 'strtok': This function or variable may be unsafe. Consider using strtok_s instead. To disable deprecation, use _CRT_SECURE_NO_WARNINGS. See online help for details.
  c:\program files (x86)\windows kits\10\include\10.0.19041.0\ucrt\string.h(436): note: 参见“strtok”的声明
e:\projects\ffmpeg-sdl\fflocalplayer\fflocalplayersdk\fflocalplayersdk\cmdutils.c(1510): warning C4996: 'av_codec_next': 被声明为已否决
  e:\projects\ffmpeg-sdl\fflocalplayer\fflocalplayersdk\fflocalplayersdk\include\libavcodec\avcodec.h(4061): note: 参见“av_codec_next”的声明
e:\projects\ffmpeg-sdl\fflocalplayer\fflocalplayersdk\fflocalplayersdk\cmdutils.c(1543): warning C4090: “函数”: 不同的“const”限定符
e:\projects\ffmpeg-sdl\fflocalplayer\fflocalplayersdk\fflocalplayersdk\cmdutils.c(1611): warning C4090: “函数”: 不同的“const”限定符
e:\projects\ffmpeg-sdl\fflocalplayer\fflocalplayersdk\fflocalplayersdk\cmdutils.c(1650): warning C4090: “函数”: 不同的“const”限定符
e:\projects\ffmpeg-sdl\fflocalplayer\fflocalplayersdk\fflocalplayersdk\cmdutils.c(2038): warning C4996: 'getenv': This function or variable may be unsafe. Consider using _dupenv_s instead. To disable deprecation, use _CRT_SECURE_NO_WARNINGS. See online help for details.
  c:\program files (x86)\windows kits\10\include\10.0.19041.0\ucrt\stdlib.h(1184): note: 参见“getenv”的声明
e:\projects\ffmpeg-sdl\fflocalplayer\fflocalplayersdk\fflocalplayersdk\cmdutils.c(2039): warning C4996: 'getenv': This function or variable may be unsafe. Consider using _dupenv_s instead. To disable deprecation, use _CRT_SECURE_NO_WARNINGS. See online help for details.
  c:\program files (x86)\windows kits\10\include\10.0.19041.0\ucrt\stdlib.h(1184): note: 参见“getenv”的声明
e:\projects\ffmpeg-sdl\fflocalplayer\fflocalplayersdk\fflocalplayersdk\cmdutils.c(2044): warning C4996: 'fopen': This function or variable may be unsafe. Consider using fopen_s instead. To disable deprecation, use _CRT_SECURE_NO_WARNINGS. See online help for details.
  c:\program files (x86)\windows kits\10\include\10.0.19041.0\ucrt\stdio.h(213): note: 参见“fopen”的声明
e:\projects\ffmpeg-sdl\fflocalplayer\fflocalplayersdk\fflocalplayersdk\cmdutils.c(2058): warning C4996: 'strncat': This function or variable may be unsafe. Consider using strncat_s instead. To disable deprecation, use _CRT_SECURE_NO_WARNINGS. See online help for details.
  c:\program files (x86)\windows kits\10\include\10.0.19041.0\ucrt\string.h(262): note: 参见“strncat”的声明
e:\projects\ffmpeg-sdl\fflocalplayer\fflocalplayersdk\fflocalplayersdk\cmdutils.c(2068): warning C4996: 'fopen': This function or variable may be unsafe. Consider using fopen_s instead. To disable deprecation, use _CRT_SECURE_NO_WARNINGS. See online help for details.
  c:\program files (x86)\windows kits\10\include\10.0.19041.0\ucrt\stdio.h(213): note: 参见“fopen”的声明
e:\projects\ffmpeg-sdl\fflocalplayer\fflocalplayersdk\fflocalplayersdk\cmdutils.c(2074): warning C4996: 'fopen': This function or variable may be unsafe. Consider using fopen_s instead. To disable deprecation, use _CRT_SECURE_NO_WARNINGS. See online help for details.
  c:\program files (x86)\windows kits\10\include\10.0.19041.0\ucrt\stdio.h(213): note: 参见“fopen”的声明
e:\projects\ffmpeg-sdl\fflocalplayer\fflocalplayersdk\fflocalplayersdk\cmdutils.c(2130): warning C4090: “函数”: 不同的“const”限定符
e:\projects\ffmpeg-sdl\fflocalplayer\fflocalplayersdk\fflocalplayersdk\cmdutils.c(2133): warning C4090: “函数”: 不同的“const”限定符
e:\projects\ffmpeg-sdl\fflocalplayer\fflocalplayersdk\fflocalplayersdk\cmdutils.c(2137): warning C4090: “函数”: 不同的“const”限定符
e:\projects\ffmpeg-sdl\fflocalplayer\fflocalplayersdk\fflocalplayersdk\cmdutils.c(2161): warning C4018: “<”: 有符号/无符号不匹配
  fflocalplayersdk.c
e:\projects\ffmpeg-sdl\fflocalplayer\fflocalplayersdk\fflocalplayersdk\include\libavutil\rational.h : warning C4819: 该文件包含不能在当前代码页(936)中表示的字符。请将该文件保存为 Unicode 格式以防止数据丢失
e:\projects\ffmpeg-sdl\fflocalplayer\fflocalplayersdk\fflocalplayersdk\fflocalplayersdk.c(411): warning C4090: “函数”: 不同的“const”限定符
e:\projects\ffmpeg-sdl\fflocalplayer\fflocalplayersdk\fflocalplayersdk\fflocalplayersdk.c(903): warning C4244: “=”: 从“double”转换到“float”，可能丢失数据
e:\projects\ffmpeg-sdl\fflocalplayer\fflocalplayersdk\fflocalplayersdk\fflocalplayersdk.c(1036): warning C4018: “<”: 有符号/无符号不匹配
e:\projects\ffmpeg-sdl\fflocalplayer\fflocalplayersdk\fflocalplayersdk\fflocalplayersdk.c(1129): warning C4244: “-=”: 从“int64_t”转换到“int”，可能丢失数据
e:\projects\ffmpeg-sdl\fflocalplayer\fflocalplayersdk\fflocalplayersdk\fflocalplayersdk.c(1227): warning C4244: “=”: 从“double”转换到“FFTSample”，可能丢失数据
e:\projects\ffmpeg-sdl\fflocalplayer\fflocalplayersdk\fflocalplayersdk\fflocalplayersdk.c(1244): warning C4244: “初始化”: 从“double”转换到“int”，可能丢失数据
e:\projects\ffmpeg-sdl\fflocalplayer\fflocalplayersdk\fflocalplayersdk\fflocalplayersdk.c(1245): warning C4244: “初始化”: 从“double”转换到“int”，可能丢失数据
e:\projects\ffmpeg-sdl\fflocalplayer\fflocalplayersdk\fflocalplayersdk\fflocalplayersdk.c(1268): warning C4018: “>=”: 有符号/无符号不匹配
e:\projects\ffmpeg-sdl\fflocalplayer\fflocalplayersdk\fflocalplayersdk\fflocalplayersdk.c(1371): warning C4090: “函数”: 不同的“const”限定符
e:\projects\ffmpeg-sdl\fflocalplayer\fflocalplayersdk\fflocalplayersdk\fflocalplayersdk.c(1734): warning C4018: “<”: 有符号/无符号不匹配
e:\projects\ffmpeg-sdl\fflocalplayer\fflocalplayersdk\fflocalplayersdk\fflocalplayersdk.c(1909): warning C4018: “<”: 有符号/无符号不匹配
e:\projects\ffmpeg-sdl\fflocalplayer\fflocalplayersdk\fflocalplayersdk\fflocalplayersdk.c(1932): warning C4018: “<”: 有符号/无符号不匹配
e:\projects\ffmpeg-sdl\fflocalplayer\fflocalplayersdk\fflocalplayersdk\fflocalplayersdk.c(2547): warning C4018: “>=”: 有符号/无符号不匹配
e:\projects\ffmpeg-sdl\fflocalplayer\fflocalplayersdk\fflocalplayersdk\fflocalplayersdk.c(2670): warning C4018: “>=”: 有符号/无符号不匹配
e:\projects\ffmpeg-sdl\fflocalplayer\fflocalplayersdk\fflocalplayersdk\fflocalplayersdk.c(2951): warning C4018: “<”: 有符号/无符号不匹配
e:\projects\ffmpeg-sdl\fflocalplayer\fflocalplayersdk\fflocalplayersdk\fflocalplayersdk.c(3354): warning C4244: “函数”: 从“int64_t”转换到“unsigned int”，可能丢失数据
e:\projects\ffmpeg-sdl\fflocalplayer\fflocalplayersdk\fflocalplayersdk\fflocalplayersdk.c(3371): warning C4018: “<”: 有符号/无符号不匹配
e:\projects\ffmpeg-sdl\fflocalplayer\fflocalplayersdk\fflocalplayersdk\fflocalplayersdk.c(3384): warning C4018: “>=”: 有符号/无符号不匹配
e:\projects\ffmpeg-sdl\fflocalplayer\fflocalplayersdk\fflocalplayersdk\fflocalplayersdk.c(3364): warning C4244: “初始化”: 从“double”转换到“int64_t”，可能丢失数据
e:\projects\ffmpeg-sdl\fflocalplayer\fflocalplayersdk\fflocalplayersdk\fflocalplayersdk.c(3396): warning C4101: “pos”: 未引用的局部变量
e:\projects\ffmpeg-sdl\fflocalplayer\fflocalplayersdk\fflocalplayersdk\fflocalplayersdk.c(3396): warning C4101: “frac”: 未引用的局部变量
e:\projects\ffmpeg-sdl\fflocalplayer\fflocalplayersdk\fflocalplayersdk\fflocalplayersdk.c(3396): warning C4101: “incr”: 未引用的局部变量
e:\projects\ffmpeg-sdl\fflocalplayer\fflocalplayersdk\fflocalplayersdk\fflocalplayersdk.c(3403): warning C4101: “x”: 未引用的局部变量
e:\projects\ffmpeg-sdl\fflocalplayer\fflocalplayersdk\fflocalplayersdk\fflocalplayersdk.c(3448): warning C4244: “=”: 从“double”转换到“int”，可能丢失数据
e:\projects\ffmpeg-sdl\fflocalplayer\fflocalplayersdk\fflocalplayersdk\fflocalplayersdk.c(3455): warning C4244: “=”: 从“double”转换到“int”，可能丢失数据
e:\projects\ffmpeg-sdl\fflocalplayer\fflocalplayersdk\fflocalplayersdk\fflocalplayersdk.c(3558): warning C4090: “初始化”: 不同的“const”限定符
e:\projects\ffmpeg-sdl\fflocalplayer\fflocalplayersdk\fflocalplayersdk\fflocalplayersdk.c(3559): warning C4090: “初始化”: 不同的“const”限定符
e:\projects\ffmpeg-sdl\fflocalplayer\fflocalplayersdk\fflocalplayersdk\fflocalplayersdk.c(3560): warning C4090: “初始化”: 不同的“const”限定符
e:\projects\ffmpeg-sdl\fflocalplayer\fflocalplayersdk\fflocalplayersdk\fflocalplayersdk.c(3582): warning C4090: “初始化”: 不同的“const”限定符
e:\projects\ffmpeg-sdl\fflocalplayer\fflocalplayersdk\fflocalplayersdk\fflocalplayersdk.c(3594): warning C4090: “初始化”: 不同的“const”限定符
e:\projects\ffmpeg-sdl\fflocalplayer\fflocalplayersdk\fflocalplayersdk\fflocalplayersdk.c(3595): warning C4090: “初始化”: 不同的“const”限定符
e:\projects\ffmpeg-sdl\fflocalplayer\fflocalplayersdk\fflocalplayersdk\fflocalplayersdk.c(3596): warning C4090: “初始化”: 不同的“const”限定符
  正在生成代码...
e:\projects\ffmpeg-sdl\fflocalplayer\fflocalplayersdk\fflocalplayersdk\fflocalplayersdk.c(3790): warning C4716: “fflp_resolution”: 必须返回一个值
e:\projects\ffmpeg-sdl\fflocalplayer\fflocalplayersdk\fflocalplayersdk\fflocalplayersdk.c(704): warning C4715: “decoder_decode_frame”: 不是所有的控件路径都返回值
    正在创建库 E:\projects\ffmpeg-sdl\fflocalplayer\fflocalplayersdk\Debug\fflocalplayersdk.lib 和对象 E:\projects\ffmpeg-sdl\fflocalplayer\fflocalplayersdk\Debug\fflocalplayersdk.exp
  fflocalplayersdk.vcxproj -> E:\projects\ffmpeg-sdl\fflocalplayer\fflocalplayersdk\Debug\fflocalplayersdk.dll
  已复制         1 个文件。
  已复制         1 个文件。
  已复制         1 个文件。
